This is pdfTeX, Version 3.14159265-2.6-1.40.16 (TeX Live 2015) (preloaded format=pdflatex 2015.5.24)  9 SEP 2021 10:59
entering extended mode
 restricted \write18 enabled.
 file:line:error style messages enabled.
 %&-line parsing enabled.
**Tent.tex
(./Tent.tex
LaTeX2e <2015/01/01>
Babel <3.9l> and hyphenation patterns for 79 languages loaded.
(/usr/local/texlive/2015/texmf-dist/tex/latex/amscls/amsart.cls
Document Class: amsart 2015/03/04 v2.20.2
\linespacing=\dimen102
\normalparindent=\dimen103
\normaltopskip=\skip41
(/usr/local/texlive/2015/texmf-dist/tex/latex/amsmath/amsmath.sty
Package: amsmath 2013/01/14 v2.14 AMS math features
\@mathmargin=\skip42

For additional information on amsmath, use the `?' option.
(/usr/local/texlive/2015/texmf-dist/tex/latex/amsmath/amstext.sty
Package: amstext 2000/06/29 v2.01

(/usr/local/texlive/2015/texmf-dist/tex/latex/amsmath/amsgen.sty
File: amsgen.sty 1999/11/30 v2.0
\@emptytoks=\toks14
\ex@=\dimen104
))
(/usr/local/texlive/2015/texmf-dist/tex/latex/amsmath/amsbsy.sty
Package: amsbsy 1999/11/29 v1.2d
\pmbraise@=\dimen105
)
(/usr/local/texlive/2015/texmf-dist/tex/latex/amsmath/amsopn.sty
Package: amsopn 1999/12/14 v2.01 operator names
)
\inf@bad=\count79
LaTeX Info: Redefining \frac on input line 210.
\uproot@=\count80
\leftroot@=\count81
LaTeX Info: Redefining \overline on input line 306.
\classnum@=\count82
\DOTSCASE@=\count83
LaTeX Info: Redefining \ldots on input line 378.
LaTeX Info: Redefining \dots on input line 381.
LaTeX Info: Redefining \cdots on input line 466.
\Mathstrutbox@=\box26
\strutbox@=\box27
\big@size=\dimen106
LaTeX Font Info:    Redeclaring font encoding OML on input line 566.
LaTeX Font Info:    Redeclaring font encoding OMS on input line 567.
\macc@depth=\count84
\c@MaxMatrixCols=\count85
\dotsspace@=\muskip10
\c@parentequation=\count86
\dspbrk@lvl=\count87
\tag@help=\toks15
\row@=\count88
\column@=\count89
\maxfields@=\count90
\andhelp@=\toks16
\eqnshift@=\dimen107
\alignsep@=\dimen108
\tagshift@=\dimen109
\tagwidth@=\dimen110
\totwidth@=\dimen111
\lineht@=\dimen112
\@envbody=\toks17
\multlinegap=\skip43
\multlinetaggap=\skip44
\mathdisplay@stack=\toks18
LaTeX Info: Redefining \[ on input line 2665.
LaTeX Info: Redefining \] on input line 2666.
)
LaTeX Font Info:    Try loading font information for U+msa on input line 388.

(/usr/local/texlive/2015/texmf-dist/tex/latex/amsfonts/umsa.fd
File: umsa.fd 2013/01/14 v3.01 AMS symbols A
)
(/usr/local/texlive/2015/texmf-dist/tex/latex/amsfonts/amsfonts.sty
Package: amsfonts 2013/01/14 v3.01 Basic AMSFonts support
\symAMSa=\mathgroup4
\symAMSb=\mathgroup5
LaTeX Font Info:    Overwriting math alphabet `\mathfrak' in version `bold'
(Font)                  U/euf/m/n --> U/euf/b/n on input line 106.
)
\copyins=\insert233
\abstractbox=\box28
\listisep=\skip45
\c@part=\count91
\c@section=\count92
\c@subsection=\count93
\c@subsubsection=\count94
\c@paragraph=\count95
\c@subparagraph=\count96
\c@figure=\count97
\c@table=\count98
\abovecaptionskip=\skip46
\belowcaptionskip=\skip47
\captionindent=\dimen113
\thm@style=\toks19
\thm@bodyfont=\toks20
\thm@headfont=\toks21
\thm@notefont=\toks22
\thm@headpunct=\toks23
\thm@preskip=\skip48
\thm@postskip=\skip49
\thm@headsep=\skip50
\dth@everypar=\toks24
)
(/usr/local/texlive/2015/texmf-dist/tex/latex/cite/cite.sty
LaTeX Info: Redefining \cite on input line 302.
LaTeX Info: Redefining \nocite on input line 332.
Package: cite 2015/02/27  v 5.5
)
(/usr/local/texlive/2015/texmf-dist/tex/latex/graphics/graphicx.sty
Package: graphicx 2014/10/28 v1.0g Enhanced LaTeX Graphics (DPC,SPQR)

(/usr/local/texlive/2015/texmf-dist/tex/latex/graphics/keyval.sty
Package: keyval 2014/10/28 v1.15 key=value parser (DPC)
\KV@toks@=\toks25
)
(/usr/local/texlive/2015/texmf-dist/tex/latex/graphics/graphics.sty
Package: graphics 2014/10/28 v1.0p Standard LaTeX Graphics (DPC,SPQR)

(/usr/local/texlive/2015/texmf-dist/tex/latex/graphics/trig.sty
Package: trig 1999/03/16 v1.09 sin cos tan (DPC)
)
(/usr/local/texlive/2015/texmf-dist/tex/latex/latexconfig/graphics.cfg
File: graphics.cfg 2010/04/23 v1.9 graphics configuration of TeX Live
)
Package graphics Info: Driver file: pdftex.def on input line 94.

(/usr/local/texlive/2015/texmf-dist/tex/latex/pdftex-def/pdftex.def
File: pdftex.def 2011/05/27 v0.06d Graphics/color for pdfTeX

(/usr/local/texlive/2015/texmf-dist/tex/generic/oberdiek/infwarerr.sty
Package: infwarerr 2010/04/08 v1.3 Providing info/warning/error messages (HO)
)
(/usr/local/texlive/2015/texmf-dist/tex/generic/oberdiek/ltxcmds.sty
Package: ltxcmds 2011/11/09 v1.22 LaTeX kernel commands for general use (HO)
)
\Gread@gobject=\count99
))
\Gin@req@height=\dimen114
\Gin@req@width=\dimen115
)
(/usr/local/texlive/2015/texmf-dist/tex/latex/xcolor/xcolor.sty
Package: xcolor 2007/01/21 v2.11 LaTeX color extensions (UK)

(/usr/local/texlive/2015/texmf-dist/tex/latex/latexconfig/color.cfg
File: color.cfg 2007/01/18 v1.5 color configuration of teTeX/TeXLive
)
Package xcolor Info: Driver file: pdftex.def on input line 225.
Package xcolor Info: Model `cmy' substituted by `cmy0' on input line 1337.
Package xcolor Info: Model `hsb' substituted by `rgb' on input line 1341.
Package xcolor Info: Model `RGB' extended on input line 1353.
Package xcolor Info: Model `HTML' substituted by `rgb' on input line 1355.
Package xcolor Info: Model `Hsb' substituted by `hsb' on input line 1356.
Package xcolor Info: Model `tHsb' substituted by `hsb' on input line 1357.
Package xcolor Info: Model `HSB' substituted by `hsb' on input line 1358.
Package xcolor Info: Model `Gray' substituted by `gray' on input line 1359.
Package xcolor Info: Model `wave' substituted by `hsb' on input line 1360.
)
\c@theorem=\count100
\c@lemma=\count101

(./Tent.aux)
\openout1 = `Tent.aux'.

LaTeX Font Info:    Checking defaults for OML/cmm/m/it on input line 17.
LaTeX Font Info:    ... okay on input line 17.
LaTeX Font Info:    Checking defaults for T1/cmr/m/n on input line 17.
LaTeX Font Info:    ... okay on input line 17.
LaTeX Font Info:    Checking defaults for OT1/cmr/m/n on input line 17.
LaTeX Font Info:    ... okay on input line 17.
LaTeX Font Info:    Checking defaults for OMS/cmsy/m/n on input line 17.
LaTeX Font Info:    ... okay on input line 17.
LaTeX Font Info:    Checking defaults for OMX/cmex/m/n on input line 17.
LaTeX Font Info:    ... okay on input line 17.
LaTeX Font Info:    Checking defaults for U/cmr/m/n on input line 17.
LaTeX Font Info:    ... okay on input line 17.
LaTeX Font Info:    Try loading font information for U+msa on input line 17.
 (/usr/local/texlive/2015/texmf-dist/tex/latex/amsfonts/umsa.fd
File: umsa.fd 2013/01/14 v3.01 AMS symbols A
)
LaTeX Font Info:    Try loading font information for U+msb on input line 17.

(/usr/local/texlive/2015/texmf-dist/tex/latex/amsfonts/umsb.fd
File: umsb.fd 2013/01/14 v3.01 AMS symbols B
)
(/usr/local/texlive/2015/texmf-dist/tex/context/base/supp-pdf.mkii
[Loading MPS to PDF converter (version 2006.09.02).]
\scratchcounter=\count102
\scratchdimen=\dimen116
\scratchbox=\box29
\nofMPsegments=\count103
\nofMParguments=\count104
\everyMPshowfont=\toks26
\MPscratchCnt=\count105
\MPscratchDim=\dimen117
\MPnumerator=\count106
\makeMPintoPDFobject=\count107
\everyMPtoPDFconversion=\toks27
) (/usr/local/texlive/2015/texmf-dist/tex/generic/oberdiek/pdftexcmds.sty
Package: pdftexcmds 2011/11/29 v0.20 Utility functions of pdfTeX for LuaTeX (HO
)

(/usr/local/texlive/2015/texmf-dist/tex/generic/oberdiek/ifluatex.sty
Package: ifluatex 2010/03/01 v1.3 Provides the ifluatex switch (HO)
Package ifluatex Info: LuaTeX not detected.
)
(/usr/local/texlive/2015/texmf-dist/tex/generic/oberdiek/ifpdf.sty
Package: ifpdf 2011/01/30 v2.3 Provides the ifpdf switch (HO)
Package ifpdf Info: pdfTeX in PDF mode is detected.
)
Package pdftexcmds Info: LuaTeX not detected.
Package pdftexcmds Info: \pdf@primitive is available.
Package pdftexcmds Info: \pdf@ifprimitive is available.
Package pdftexcmds Info: \pdfdraftmode found.
)
(/usr/local/texlive/2015/texmf-dist/tex/latex/oberdiek/epstopdf-base.sty
Package: epstopdf-base 2010/02/09 v2.5 Base part for package epstopdf

(/usr/local/texlive/2015/texmf-dist/tex/latex/oberdiek/grfext.sty
Package: grfext 2010/08/19 v1.1 Manage graphics extensions (HO)

(/usr/local/texlive/2015/texmf-dist/tex/generic/oberdiek/kvdefinekeys.sty
Package: kvdefinekeys 2011/04/07 v1.3 Define keys (HO)
))
(/usr/local/texlive/2015/texmf-dist/tex/latex/oberdiek/kvoptions.sty
Package: kvoptions 2011/06/30 v3.11 Key value format for package options (HO)

(/usr/local/texlive/2015/texmf-dist/tex/generic/oberdiek/kvsetkeys.sty
Package: kvsetkeys 2012/04/25 v1.16 Key value parser (HO)

(/usr/local/texlive/2015/texmf-dist/tex/generic/oberdiek/etexcmds.sty
Package: etexcmds 2011/02/16 v1.5 Avoid name clashes with e-TeX commands (HO)
Package etexcmds Info: Could not find \expanded.
(etexcmds)             That can mean that you are not using pdfTeX 1.50 or
(etexcmds)             that some package has redefined \expanded.
(etexcmds)             In the latter case, load this package earlier.
)))
Package grfext Info: Graphics extension search list:
(grfext)             [.png,.pdf,.jpg,.mps,.jpeg,.jbig2,.jb2,.PNG,.PDF,.JPG,.JPE
G,.JBIG2,.JB2,.eps]
(grfext)             \AppendGraphicsExtensions on input line 452.

(/usr/local/texlive/2015/texmf-dist/tex/latex/latexconfig/epstopdf-sys.cfg
File: epstopdf-sys.cfg 2010/07/13 v1.3 Configuration of (r)epstopdf for TeX Liv
e
))
Overfull \hbox (4.48889pt too wide) in paragraph at lines 22--30
[]\OT1/cmr/m/n/10 The ar-ti-cle uses the pre-dic-tive con-trol method to search

 []

[1{/usr/local/texlive/2015/texmf-var/fonts/map/pdftex/updmap/pdftex.map}]
[2]
Underfull \vbox (badness 10000) has occurred while \output is active []

 [3]
[4]
Overfull \hbox (4.3005pt too wide) in paragraph at lines 283--284
[]\OT1/cmr/m/n/12 To solve the stated prob-lem, we will use the pre-dic-tive co
n-trol method.
 []

[5]
Overfull \hbox (9.2531pt too wide) in paragraph at lines 290--293
[]\OT1/cmr/m/n/12 Let $[]$ be the equa-tion (1[]) cy-cle. Since $\OML/cmm/m/it/
12 #^^Q[] \OT1/cmr/m/n/12 + (1 \OMS/cmsy/m/n/12 ^^@ \OML/cmm/m/it/12 #\OT1/cmr/
m/n/12 )\OML/cmm/m/it/12 f[]\OT1/cmr/m/n/12 (\OML/cmm/m/it/12 ^^Q[]\OT1/cmr/m/n
/12 ) =
 []

[6]
Overfull \hbox (17.22516pt too wide) in paragraph at lines 377--380
\OT1/cmr/m/it/12 hence, $\OML/cmm/m/it/12 F[]\OT1/cmr/m/n/12 (\OML/cmm/m/it/12 
x[]\OT1/cmr/m/n/12 ) = 0$ \OT1/cmr/m/it/12 when $\OML/cmm/m/it/12 k \OT1/cmr/m/
n/12 = 2\OML/cmm/m/it/12 ;  \OT1/cmr/m/n/12 3\OML/cmm/m/it/12 ; [] \OT1/cmr/m/n
/12 ;$ \OT1/cmr/m/it/12 if $\OML/cmm/m/it/12 x[] \OMS/cmsy/m/n/12 2 \OT1/cmr/m/
n/12 (0\OML/cmm/m/it/12 ;  \OT1/cmr/m/n/12 1)\OML/cmm/m/it/12 ;$ \OT1/cmr/m/it/
12 then $[][] \OMS/cmsy/m/n/12 2
 []

[7]
Overfull \hbox (32.35445pt too wide) in paragraph at lines 400--403
[]$ \OT1/cmr/m/it/12 when $\OML/cmm/m/it/12 x[] \OMS/cmsy/m/n/12 2 \OT1/cmr/m/n
/12 (0\OML/cmm/m/it/12 ;  \OT1/cmr/m/n/12 1)\OML/cmm/m/it/12 ;$ \OT1/cmr/m/it/1
2 ei-ther $\OML/cmm/m/it/12 F[]\OT1/cmr/m/n/12 (\OML/cmm/m/it/12 x[]\OT1/cmr/m/
n/12 ) [] 0$ \OT1/cmr/m/it/12 or $[][] \OMS/cmsy/m/n/12 2
 []

[8]
Overfull \hbox (18.79358pt too wide) detected at line 462
\OML/cmm/m/it/12 F\OT1/cmr/m/n/12 (\OML/cmm/m/it/12 x[]\OT1/cmr/m/n/12 ) \OML/c
mm/m/it/12 > H [] > \OMS/cmsy/m/n/12 ^^@\OML/cmm/m/it/12 H [] :
 []

[9]
Overfull \hbox (13.60541pt too wide) in paragraph at lines 479--480
[]\OT1/cmr/bx/n/12 Lemma 5. []\OT1/cmr/m/it/12 Let con-di-tions (7[]) be sat-is
-fied and $\OML/cmm/m/it/12 x[] < \OT1/cmr/m/n/12 0\OML/cmm/m/it/12 :$ \OT1/cmr
/m/it/12 Then $\OML/cmm/m/it/12 F[]\OT1/cmr/m/n/12 (\OML/cmm/m/it/12 x[]\OT1/cm
r/m/n/12 ) []
 []


Overfull \hbox (5.57445pt too wide) detected at line 500
\OML/cmm/m/it/12 ^^P \OT1/cmr/m/n/12 = \OML/cmm/m/it/12 #x[] \OT1/cmr/m/n/12 + 
(1 \OMS/cmsy/m/n/12 ^^@ \OML/cmm/m/it/12 #\OT1/cmr/m/n/12 )\OML/cmm/m/it/12 f[]
\OT1/cmr/m/n/12 (\OML/cmm/m/it/12 x[]\OT1/cmr/m/n/12 ) = [] [] \OML/cmm/m/it/12
 ;
 []


Overfull \hbox (37.82391pt too wide) in paragraph at lines 519--519
[] 
 []


Overfull \hbox (37.82391pt too wide) in alignment at lines 519--519
[] [] 
 []

[10]
Overfull \hbox (26.80208pt too wide) detected at line 524
\OML/cmm/m/it/12 ^^P \OT1/cmr/m/n/12 = \OML/cmm/m/it/12 #x[] \OT1/cmr/m/n/12 + 
(1 \OMS/cmsy/m/n/12 ^^@ \OML/cmm/m/it/12 #\OT1/cmr/m/n/12 )\OML/cmm/m/it/12 f[]
\OT1/cmr/m/n/12 (\OML/cmm/m/it/12 x[]\OT1/cmr/m/n/12 ) \OML/cmm/m/it/12 < [] []
 ;
 []


Overfull \hbox (25.0328pt too wide) in paragraph at lines 531--531
[] 
 []


Overfull \hbox (25.0328pt too wide) in alignment at lines 531--531
[] [] 
 []


Overfull \hbox (26.80208pt too wide) detected at line 539
\OML/cmm/m/it/12 ^^P \OT1/cmr/m/n/12 = \OML/cmm/m/it/12 #x[] \OT1/cmr/m/n/12 + 
(1 \OMS/cmsy/m/n/12 ^^@ \OML/cmm/m/it/12 #\OT1/cmr/m/n/12 )\OML/cmm/m/it/12 f[]
\OT1/cmr/m/n/12 (\OML/cmm/m/it/12 x[]\OT1/cmr/m/n/12 ) \OML/cmm/m/it/12 > [] []
 :
 []

[11] [12]
Package epstopdf Info: Source file: <Fig3a.eps>
(epstopdf)                    date: 2021-09-07 11:57:28
(epstopdf)                    size: 169059 bytes
(epstopdf)             Output file: <Fig3a-eps-converted-to.pdf>
(epstopdf)                    date: 2021-09-07 11:57:28
(epstopdf)                    size: 11908 bytes
(epstopdf)             Command: <repstopdf --outfile=Fig3a-eps-converted-to.pdf
 Fig3a.eps>
(epstopdf)             \includegraphics on input line 619.
Package epstopdf Info: Output file is already uptodate.
 <Fig3a-eps-converted-to.pdf, id=56, 557.08125pt x 557.08125pt>
File: Fig3a-eps-converted-to.pdf Graphic file (type pdf)

<use Fig3a-eps-converted-to.pdf>
Package pdftex.def Info: Fig3a-eps-converted-to.pdf used on input line 619.
(pdftex.def)             Requested size: 155.98169pt x 155.98169pt.
Package epstopdf Info: Source file: <Fig3b.eps>
(epstopdf)                    date: 2021-09-07 11:57:28
(epstopdf)                    size: 169043 bytes
(epstopdf)             Output file: <Fig3b-eps-converted-to.pdf>
(epstopdf)                    date: 2021-09-07 11:57:28
(epstopdf)                    size: 11875 bytes
(epstopdf)             Command: <repstopdf --outfile=Fig3b-eps-converted-to.pdf
 Fig3b.eps>
(epstopdf)             \includegraphics on input line 621.
Package epstopdf Info: Output file is already uptodate.

<Fig3b-eps-converted-to.pdf, id=57, 557.08125pt x 557.08125pt>
File: Fig3b-eps-converted-to.pdf Graphic file (type pdf)

<use Fig3b-eps-converted-to.pdf>
Package pdftex.def Info: Fig3b-eps-converted-to.pdf used on input line 621.
(pdftex.def)             Requested size: 155.98169pt x 155.98169pt.


LaTeX Warning: `!h' float specifier changed to `!ht'.

<Fig4.pdf, id=58, 557.08125pt x 557.08125pt>
File: Fig4.pdf Graphic file (type pdf)
 <use Fig4.pdf>
Package pdftex.def Info: Fig4.pdf used on input line 628.
(pdftex.def)             Requested size: 155.98169pt x 155.98169pt.


LaTeX Warning: `!h' float specifier changed to `!ht'.

Package epstopdf Info: Source file: <Fig5a.eps>
(epstopdf)                    date: 2021-09-07 11:57:28
(epstopdf)                    size: 102530 bytes
(epstopdf)             Output file: <Fig5a-eps-converted-to.pdf>
(epstopdf)                    date: 2021-09-07 11:57:28
(epstopdf)                    size: 21249 bytes
(epstopdf)             Command: <repstopdf --outfile=Fig5a-eps-converted-to.pdf
 Fig5a.eps>
(epstopdf)             \includegraphics on input line 635.
Package epstopdf Info: Output file is already uptodate.
<Fig5a-eps-converted-to.pdf, id=59, 557.08125pt x 557.08125pt>
File: Fig5a-eps-converted-to.pdf Graphic file (type pdf)

<use Fig5a-eps-converted-to.pdf>
Package pdftex.def Info: Fig5a-eps-converted-to.pdf used on input line 635.
(pdftex.def)             Requested size: 155.98169pt x 155.98169pt.
Package epstopdf Info: Source file: <Fig5b.eps>
(epstopdf)                    date: 2021-09-07 11:57:28
(epstopdf)                    size: 69089 bytes
(epstopdf)             Output file: <Fig5b-eps-converted-to.pdf>
(epstopdf)                    date: 2021-09-07 11:57:50
(epstopdf)                    size: 12436 bytes
(epstopdf)             Command: <repstopdf --outfile=Fig5b-eps-converted-to.pdf
 Fig5b.eps>
(epstopdf)             \includegraphics on input line 637.
Package epstopdf Info: Output file is already uptodate.

<Fig5b-eps-converted-to.pdf, id=60, 557.08125pt x 557.08125pt>
File: Fig5b-eps-converted-to.pdf Graphic file (type pdf)

<use Fig5b-eps-converted-to.pdf>
Package pdftex.def Info: Fig5b-eps-converted-to.pdf used on input line 637.
(pdftex.def)             Requested size: 155.98169pt x 155.98169pt.


LaTeX Warning: `!h' float specifier changed to `!ht'.

Package epstopdf Info: Source file: <Fig6.eps>
(epstopdf)                    date: 2021-09-07 11:57:28
(epstopdf)                    size: 4264807 bytes
(epstopdf)             Output file: <Fig6-eps-converted-to.pdf>
(epstopdf)                    date: 2021-09-07 11:57:28
(epstopdf)                    size: 52201 bytes
(epstopdf)             Command: <repstopdf --outfile=Fig6-eps-converted-to.pdf 
Fig6.eps>
(epstopdf)             \includegraphics on input line 644.
Package epstopdf Info: Output file is already uptodate.
<Fig6-eps-converted-to.pdf, id=61, 557.08125pt x 557.08125pt>
File: Fig6-eps-converted-to.pdf Graphic file (type pdf)

<use Fig6-eps-converted-to.pdf>
Package pdftex.def Info: Fig6-eps-converted-to.pdf used on input line 644.
(pdftex.def)             Requested size: 155.98169pt x 155.98169pt.


LaTeX Warning: `!h' float specifier changed to `!ht'.

<Fig7.pdf, id=62, 557.08125pt x 557.08125pt>
File: Fig7.pdf Graphic file (type pdf)
 <use Fig7.pdf>
Package pdftex.def Info: Fig7.pdf used on input line 651.
(pdftex.def)             Requested size: 155.98169pt x 155.98169pt.


LaTeX Warning: `!h' float specifier changed to `!ht'.


Underfull \vbox (badness 10000) has occurred while \output is active []

 [13]
[14 <./Fig3a-eps-converted-to.pdf> <./Fig3b-eps-converted-to.pdf> <./Fig4.pdf>]

LaTeX Warning: Text page 15 contains only floats.

[15 <./Fig5a-eps-converted-to.pdf> <./Fig5b-eps-converted-to.pdf> <./Fig6-eps-c
onverted-to.pdf> <./Fig7.pdf>]
Package epstopdf Info: Source file: <Fig8.eps>
(epstopdf)                    date: 2021-09-07 11:57:28
(epstopdf)                    size: 59501 bytes
(epstopdf)             Output file: <Fig8-eps-converted-to.pdf>
(epstopdf)                    date: 2021-09-07 11:57:28
(epstopdf)                    size: 9286 bytes
(epstopdf)             Command: <repstopdf --outfile=Fig8-eps-converted-to.pdf 
Fig8.eps>
(epstopdf)             \includegraphics on input line 675.
Package epstopdf Info: Output file is already uptodate.

<Fig8-eps-converted-to.pdf, id=86, 557.08125pt x 557.08125pt>
File: Fig8-eps-converted-to.pdf Graphic file (type pdf)

<use Fig8-eps-converted-to.pdf>
Package pdftex.def Info: Fig8-eps-converted-to.pdf used on input line 675.
(pdftex.def)             Requested size: 155.98169pt x 155.98169pt.

Underfull \hbox (badness 10000) in paragraph at lines 678--678
\OT1/cmr/m/sc/12 Figure 6.\OT1/cmr/m/n/12 Graphs of the func-tion $\OML/cmm/m/i
t/12 y \OT1/cmr/m/n/12 =
 []


Underfull \hbox (badness 1137) in paragraph at lines 678--678
\OML/cmm/m/it/12 f []$ \OT1/cmr/m/n/12 at $\OML/cmm/m/it/12 # \OT1/cmr/m/n/12 =
 []$ (red); at $\OML/cmm/m/it/12 # \OT1/cmr/m/n/12 = []$
 []

Package epstopdf Info: Source file: <Fig9.eps>
(epstopdf)                    date: 2021-09-07 11:57:28
(epstopdf)                    size: 57047 bytes
(epstopdf)             Output file: <Fig9-eps-converted-to.pdf>
(epstopdf)                    date: 2021-09-07 11:57:28
(epstopdf)                    size: 8562 bytes
(epstopdf)             Command: <repstopdf --outfile=Fig9-eps-converted-to.pdf 
Fig9.eps>
(epstopdf)             \includegraphics on input line 689.
Package epstopdf Info: Output file is already uptodate.
<Fig9-eps-converted-to.pdf, id=87, 557.08125pt x 557.08125pt>
File: Fig9-eps-converted-to.pdf Graphic file (type pdf)

<use Fig9-eps-converted-to.pdf>
Package pdftex.def Info: Fig9-eps-converted-to.pdf used on input line 689.
(pdftex.def)             Requested size: 155.98169pt x 155.98169pt.

Underfull \hbox (badness 10000) in paragraph at lines 692--692
\OT1/cmr/m/sc/12 Figure 7.\OT1/cmr/m/n/12 Graphs of the func-tion $\OML/cmm/m/i
t/12 y \OT1/cmr/m/n/12 =
 []


Underfull \hbox (badness 1137) in paragraph at lines 692--692
\OML/cmm/m/it/12 f []$ \OT1/cmr/m/n/12 at $\OML/cmm/m/it/12 # \OT1/cmr/m/n/12 =
 []$ (red); at $\OML/cmm/m/it/12 # \OT1/cmr/m/n/12 = []$
 []


LaTeX Warning: `!h' float specifier changed to `!ht'.

Package epstopdf Info: Source file: <Fig10.eps>
(epstopdf)                    date: 2021-09-07 11:57:28
(epstopdf)                    size: 62373 bytes
(epstopdf)             Output file: <Fig10-eps-converted-to.pdf>
(epstopdf)                    date: 2021-09-07 11:57:51
(epstopdf)                    size: 10045 bytes
(epstopdf)             Command: <repstopdf --outfile=Fig10-eps-converted-to.pdf
 Fig10.eps>
(epstopdf)             \includegraphics on input line 711.
Package epstopdf Info: Output file is already uptodate.
<Fig10-eps-converted-to.pdf, id=88, 557.08125pt x 557.08125pt>
File: Fig10-eps-converted-to.pdf Graphic file (type pdf)

<use Fig10-eps-converted-to.pdf>
Package pdftex.def Info: Fig10-eps-converted-to.pdf used on input line 711.
(pdftex.def)             Requested size: 155.98169pt x 155.98169pt.


LaTeX Warning: `!h' float specifier changed to `!ht'.

Package epstopdf Info: Source file: <Fig11a.eps>
(epstopdf)                    date: 2021-09-07 11:57:28
(epstopdf)                    size: 60188 bytes
(epstopdf)             Output file: <Fig11a-eps-converted-to.pdf>
(epstopdf)                    date: 2021-09-07 11:57:28
(epstopdf)                    size: 9542 bytes
(epstopdf)             Command: <repstopdf --outfile=Fig11a-eps-converted-to.pd
f Fig11a.eps>
(epstopdf)             \includegraphics on input line 719.
Package epstopdf Info: Output file is already uptodate.
<Fig11a-eps-converted-to.pdf, id=89, 557.08125pt x 557.08125pt>
File: Fig11a-eps-converted-to.pdf Graphic file (type pdf)

<use Fig11a-eps-converted-to.pdf>
Package pdftex.def Info: Fig11a-eps-converted-to.pdf used on input line 719.
(pdftex.def)             Requested size: 155.98169pt x 155.98169pt.
Package epstopdf Info: Source file: <Fig11b.eps>
(epstopdf)                    date: 2021-09-07 11:57:28
(epstopdf)                    size: 68515 bytes
(epstopdf)             Output file: <Fig11b-eps-converted-to.pdf>
(epstopdf)                    date: 2021-09-07 11:57:28
(epstopdf)                    size: 12106 bytes
(epstopdf)             Command: <repstopdf --outfile=Fig11b-eps-converted-to.pd
f Fig11b.eps>
(epstopdf)             \includegraphics on input line 723.
Package epstopdf Info: Output file is already uptodate.

<Fig11b-eps-converted-to.pdf, id=90, 557.08125pt x 557.08125pt>
File: Fig11b-eps-converted-to.pdf Graphic file (type pdf)

<use Fig11b-eps-converted-to.pdf>
Package pdftex.def Info: Fig11b-eps-converted-to.pdf used on input line 723.
(pdftex.def)             Requested size: 155.98169pt x 155.98169pt.


LaTeX Warning: `!h' float specifier changed to `!ht'.

[16 <./Fig8-eps-converted-to.pdf>]
Overfull \hbox (19.05338pt too wide) in paragraph at lines 737--751
\OT1/cmr/m/n/12 does not de-crease on $(\OMS/cmsy/m/n/12 ^^@1\OT1/cmr/m/n/12 ; 
\OMS/cmsy/m/n/12 1\OT1/cmr/m/n/12 )\OML/cmm/m/it/12 :$ \OT1/cmr/m/n/12 In-deed,
 $\OML/cmm/m/it/12 ^^P[]\OT1/cmr/m/n/12 (\OML/cmm/m/it/12 x\OT1/cmr/m/n/12 ) = 
[] = []$
 []

[17 <./Fig9-eps-converted-to.pdf> <./Fig10-eps-converted-to.pdf>]
<Fig12.pdf, id=102, 557.08125pt x 557.08125pt>
File: Fig12.pdf Graphic file (type pdf)
 <use Fig12.pdf>
Package pdftex.def Info: Fig12.pdf used on input line 755.
(pdftex.def)             Requested size: 155.98169pt x 155.98169pt.
 [18 <./Fig11a-eps-converted-to.pdf> <./Fig11b-eps-converted-to.pdf> <./Fig12.p
df>]
<Fig13a.pdf, id=113, 557.08125pt x 557.08125pt>
File: Fig13a.pdf Graphic file (type pdf)
 <use Fig13a.pdf>
Package pdftex.def Info: Fig13a.pdf used on input line 776.
(pdftex.def)             Requested size: 155.98169pt x 155.98169pt.

<Fig13b.pdf, id=114, 557.08125pt x 557.08125pt>
File: Fig13b.pdf Graphic file (type pdf)
 <use Fig13b.pdf>
Package pdftex.def Info: Fig13b.pdf used on input line 780.
(pdftex.def)             Requested size: 155.98169pt x 155.98169pt.
 [19 <./Fig13a.pdf> <./Fig13b.pdf>]
Underfull \vbox (badness 4647) has occurred while \output is active []

 [20]
Package epstopdf Info: Source file: <Fig14a.eps>
(epstopdf)                    date: 2021-09-07 11:57:28
(epstopdf)                    size: 169059 bytes
(epstopdf)             Output file: <Fig14a-eps-converted-to.pdf>
(epstopdf)                    date: 2021-09-07 11:57:28
(epstopdf)                    size: 11699 bytes
(epstopdf)             Command: <repstopdf --outfile=Fig14a-eps-converted-to.pd
f Fig14a.eps>
(epstopdf)             \includegraphics on input line 880.
Package epstopdf Info: Output file is already uptodate.

<Fig14a-eps-converted-to.pdf, id=127, 557.08125pt x 557.08125pt>
File: Fig14a-eps-converted-to.pdf Graphic file (type pdf)

<use Fig14a-eps-converted-to.pdf>
Package pdftex.def Info: Fig14a-eps-converted-to.pdf used on input line 880.
(pdftex.def)             Requested size: 155.98169pt x 155.98169pt.
Package epstopdf Info: Source file: <Fig14b.eps>
(epstopdf)                    date: 2021-09-07 11:57:28
(epstopdf)                    size: 169043 bytes
(epstopdf)             Output file: <Fig14b-eps-converted-to.pdf>
(epstopdf)                    date: 2021-09-07 11:57:28
(epstopdf)                    size: 11671 bytes
(epstopdf)             Command: <repstopdf --outfile=Fig14b-eps-converted-to.pd
f Fig14b.eps>
(epstopdf)             \includegraphics on input line 882.
Package epstopdf Info: Output file is already uptodate.

<Fig14b-eps-converted-to.pdf, id=128, 557.08125pt x 557.08125pt>
File: Fig14b-eps-converted-to.pdf Graphic file (type pdf)

<use Fig14b-eps-converted-to.pdf>
Package pdftex.def Info: Fig14b-eps-converted-to.pdf used on input line 882.
(pdftex.def)             Requested size: 155.98169pt x 155.98169pt.


LaTeX Warning: `!h' float specifier changed to `!ht'.

[21] [22 <./Fig14a-eps-converted-to.pdf> <./Fig14b-eps-converted-to.pdf>]
Package epstopdf Info: Source file: <Fig15a.eps>
(epstopdf)                    date: 2021-09-07 11:57:28
(epstopdf)                    size: 64339 bytes
(epstopdf)             Output file: <Fig15a-eps-converted-to.pdf>
(epstopdf)                    date: 2021-09-07 11:57:28
(epstopdf)                    size: 10843 bytes
(epstopdf)             Command: <repstopdf --outfile=Fig15a-eps-converted-to.pd
f Fig15a.eps>
(epstopdf)             \includegraphics on input line 921.
Package epstopdf Info: Output file is already uptodate.

<Fig15a-eps-converted-to.pdf, id=139, 557.08125pt x 557.08125pt>
File: Fig15a-eps-converted-to.pdf Graphic file (type pdf)

<use Fig15a-eps-converted-to.pdf>
Package pdftex.def Info: Fig15a-eps-converted-to.pdf used on input line 921.
(pdftex.def)             Requested size: 155.98169pt x 155.98169pt.
Package epstopdf Info: Source file: <Fig15b.eps>
(epstopdf)                    date: 2021-09-07 11:57:28
(epstopdf)                    size: 66304 bytes
(epstopdf)             Output file: <Fig15b-eps-converted-to.pdf>
(epstopdf)                    date: 2021-09-07 11:57:52
(epstopdf)                    size: 11470 bytes
(epstopdf)             Command: <repstopdf --outfile=Fig15b-eps-converted-to.pd
f Fig15b.eps>
(epstopdf)             \includegraphics on input line 925.
Package epstopdf Info: Output file is already uptodate.

<Fig15b-eps-converted-to.pdf, id=140, 557.08125pt x 557.08125pt>
File: Fig15b-eps-converted-to.pdf Graphic file (type pdf)

<use Fig15b-eps-converted-to.pdf>
Package pdftex.def Info: Fig15b-eps-converted-to.pdf used on input line 925.
(pdftex.def)             Requested size: 155.98169pt x 155.98169pt.


LaTeX Warning: `!h' float specifier changed to `!ht'.

Package epstopdf Info: Source file: <Fig16.eps>
(epstopdf)                    date: 2021-09-07 11:57:28
(epstopdf)                    size: 60978 bytes
(epstopdf)             Output file: <Fig16-eps-converted-to.pdf>
(epstopdf)                    date: 2021-09-07 11:57:52
(epstopdf)                    size: 9685 bytes
(epstopdf)             Command: <repstopdf --outfile=Fig16-eps-converted-to.pdf
 Fig16.eps>
(epstopdf)             \includegraphics on input line 933.
Package epstopdf Info: Output file is already uptodate.
<Fig16-eps-converted-to.pdf, id=141, 557.08125pt x 557.08125pt>
File: Fig16-eps-converted-to.pdf Graphic file (type pdf)

<use Fig16-eps-converted-to.pdf>
Package pdftex.def Info: Fig16-eps-converted-to.pdf used on input line 933.
(pdftex.def)             Requested size: 155.98169pt x 155.98169pt.


LaTeX Warning: `!h' float specifier changed to `!ht'.

Missing character: There is no é in font cmr12!
[23] (./Tent.bbl
Underfull \vbox (badness 4429) has occurred while \output is active []

 [24 <./Fig15a-eps-converted-to.pdf> <./Fig15b-eps-converted-to.pdf> <./Fig16-e
ps-converted-to.pdf>]
./Tent.bbl:1: Argument of \@sect has an extra }.
<inserted text> 
                \par 
l.1 \begin{thebibliography}{10}
                               
? 
Runaway argument?
{\normalfont \scshape \centering }{\def \reserved@a *{\nobreak \@xcentercr \ETC
.
./Tent.bbl:1: Paragraph ended before \@sect was complete.
<to be read again> 
                   \par 
l.1 \begin{thebibliography}{10}
                               
? 
Missing character: There is no Ã in font cmr10!
Missing character: There is no ¶ in font cmr10!
Missing character: There is no Ã in font cmr10!
Missing character: There is no © in font cmr10!
[25]
Missing character: There is no Ã in font cmti10!
Missing character: There is no © in font cmti10!
) [26] (./Tent.aux) ) 
Here is how much of TeX's memory you used:
 3379 strings out of 493089
 43583 string characters out of 6134842
 117019 words of memory out of 5000000
 6633 multiletter control sequences out of 15000+600000
 11885 words of font info for 46 fonts, out of 8000000 for 9000
 1302 hyphenation exceptions out of 8191
 38i,14n,35p,460b,332s stack positions out of 5000i,500n,10000p,200000b,80000s
</usr/local/texlive/2015/texmf-dist/fonts/type1/public/ams
fonts/cm/cmbx12.pfb></usr/local/texlive/2015/texmf-dist/fonts/type1/public/amsf
onts/cm/cmcsc10.pfb></usr/local/texlive/2015/texmf-dist/fonts/type1/public/amsf
onts/cm/cmex10.pfb></usr/local/texlive/2015/texmf-dist/fonts/type1/public/amsfo
nts/cmextra/cmex8.pfb></usr/local/texlive/2015/texmf-dist/fonts/type1/public/am
sfonts/cm/cmmi12.pfb></usr/local/texlive/2015/texmf-dist/fonts/type1/public/ams
fonts/cm/cmmi6.pfb></usr/local/texlive/2015/texmf-dist/fonts/type1/public/amsfo
nts/cm/cmmi8.pfb></usr/local/texlive/2015/texmf-dist/fonts/type1/public/amsfont
s/cm/cmr10.pfb></usr/local/texlive/2015/texmf-dist/fonts/type1/public/amsfonts/
cm/cmr12.pfb></usr/local/texlive/2015/texmf-dist/fonts/type1/public/amsfonts/cm
/cmr6.pfb></usr/local/texlive/2015/texmf-dist/fonts/type1/public/amsfonts/cm/cm
r8.pfb></usr/local/texlive/2015/texmf-dist/fonts/type1/public/amsfonts/cm/cmr9.
pfb></usr/local/texlive/2015/texmf-dist/fonts/type1/public/amsfonts/cm/cmsy10.p
fb></usr/local/texlive/2015/texmf-dist/fonts/type1/public/amsfonts/cm/cmsy6.pfb
></usr/local/texlive/2015/texmf-dist/fonts/type1/public/amsfonts/cm/cmsy8.pfb><
/usr/local/texlive/2015/texmf-dist/fonts/type1/public/amsfonts/cm/cmti10.pfb></
usr/local/texlive/2015/texmf-dist/fonts/type1/public/amsfonts/cm/cmti12.pfb></u
sr/local/texlive/2015/texmf-dist/fonts/type1/public/amsfonts/symbols/msam10.pfb
>
Output written on Tent.pdf (26 pages, 535869 bytes).
PDF statistics:
 217 PDF objects out of 1000 (max. 8388607)
 149 compressed objects within 2 object streams
 0 named destinations out of 1000 (max. 500000)
 101 words of extra memory for PDF output out of 10000 (max. 10000000)

